# JRE version: OpenJDK Runtime Environment (11.0.10) (build 11.0.10+0-b96-7249189)
# Java VM: OpenJDK 64-Bit Server VM (11.0.10+0-b96-7249189, mixed mode, tiered, compressed oops, g1 gc, windows-amd64)
Heap:
 garbage-first heap   total 559104K, used 482496K [0x0000000080000000, 0x0000000100000000)
  region size 1024K, 140 young (143360K), 2 survivors (2048K)
 Metaspace       used 131485K, capacity 134705K, committed 136140K, reserved 1167360K
  class space    used 16440K, capacity 17689K, committed 18124K, reserved 1048576K
GC Heap History (20 events):
Event: 5754.929 GC heap before
{Heap before GC invocations=95 (full 1):
 garbage-first heap   total 494592K, used 433037K [0x0000000080000000, 0x0000000100000000)
  region size 1024K, 115 young (117760K), 10 survivors (10240K)
 Metaspace       used 131465K, capacity 134698K, committed 136140K, reserved 1167360K
  class space    used 16437K, capacity 17686K, committed 18124K, reserved 1048576K
}
Event: 5754.950 GC heap after
{Heap after GC invocations=96 (full 1):
 garbage-first heap   total 494592K, used 326463K [0x0000000080000000, 0x0000000100000000)
  region size 1024K, 9 young (9216K), 9 survivors (9216K)
 Metaspace       used 131465K, capacity 134698K, committed 136140K, reserved 1167360K
  class space    used 16437K, capacity 17686K, committed 18124K, reserved 1048576K
}
Event: 5755.370 GC heap before
{Heap before GC invocations=96 (full 1):
 garbage-first heap   total 494592K, used 432959K [0x0000000080000000, 0x0000000100000000)
  region size 1024K, 114 young (116736K), 9 survivors (9216K)
 Metaspace       used 131467K, capacity 134698K, committed 136140K, reserved 1167360K
  class space    used 16437K, capacity 17686K, committed 18124K, reserved 1048576K
}
Event: 5755.400 GC heap after
{Heap after GC invocations=97 (full 1):
 garbage-first heap   total 494592K, used 330423K [0x0000000080000000, 0x0000000100000000)
  region size 1024K, 12 young (12288K), 12 survivors (12288K)
 Metaspace       used 131467K, capacity 134698K, committed 136140K, reserved 1167360K
  class space    used 16437K, capacity 17686K, committed 18124K, reserved 1048576K
}
Event: 5755.824 GC heap before
{Heap before GC invocations=97 (full 1):
 garbage-first heap   total 494592K, used 430775K [0x0000000080000000, 0x0000000100000000)
  region size 1024K, 110 young (112640K), 12 survivors (12288K)
 Metaspace       used 131468K, capacity 134698K, committed 136140K, reserved 1167360K
  class space    used 16437K, capacity 17686K, committed 18124K, reserved 1048576K
}
Event: 5755.846 GC heap after
{Heap after GC invocations=98 (full 1):
 garbage-first heap   total 494592K, used 329061K [0x0000000080000000, 0x0000000100000000)
  region size 1024K, 6 young (6144K), 6 survivors (6144K)
 Metaspace       used 131468K, capacity 134698K, committed 136140K, reserved 1167360K
  class space    used 16437K, capacity 17686K, committed 18124K, reserved 1048576K
}
Event: 5756.236 GC heap before
{Heap before GC invocations=98 (full 1):
 garbage-first heap   total 494592K, used 433509K [0x0000000080000000, 0x0000000100000000)
  region size 1024K, 108 young (110592K), 6 survivors (6144K)
 Metaspace       used 131469K, capacity 134698K, committed 136140K, reserved 1167360K
  class space    used 16437K, capacity 17686K, committed 18124K, reserved 1048576K
}
Event: 5756.250 GC heap after
{Heap after GC invocations=99 (full 1):
 garbage-first heap   total 494592K, used 328549K [0x0000000080000000, 0x0000000100000000)
  region size 1024K, 5 young (5120K), 5 survivors (5120K)
 Metaspace       used 131469K, capacity 134698K, committed 136140K, reserved 1167360K
  class space    used 16437K, capacity 17686K, committed 18124K, reserved 1048576K
}
Event: 5756.623 GC heap before
{Heap before GC invocations=99 (full 1):
 garbage-first heap   total 494592K, used 435045K [0x0000000080000000, 0x0000000100000000)
  region size 1024K, 109 young (111616K), 5 survivors (5120K)
 Metaspace       used 131469K, capacity 134698K, committed 136140K, reserved 1167360K
  class space    used 16437K, capacity 17686K, committed 18124K, reserved 1048576K
}
Event: 5756.642 GC heap after
{Heap after GC invocations=100 (full 1):
 garbage-first heap   total 494592K, used 331621K [0x0000000080000000, 0x0000000100000000)
  region size 1024K, 8 young (8192K), 8 survivors (8192K)
 Metaspace       used 131469K, capacity 134698K, committed 136140K, reserved 1167360K
  class space    used 16437K, capacity 17686K, committed 18124K, reserved 1048576K
}
Event: 5757.070 GC heap before
{Heap before GC invocations=100 (full 1):
 garbage-first heap   total 494592K, used 435045K [0x0000000080000000, 0x0000000100000000)
  region size 1024K, 109 young (111616K), 8 survivors (8192K)
 Metaspace       used 131469K, capacity 134698K, committed 136140K, reserved 1167360K
  class space    used 16437K, capacity 17686K, committed 18124K, reserved 1048576K
}
Event: 5757.094 GC heap after
{Heap after GC invocations=101 (full 1):
 garbage-first heap   total 559104K, used 332236K [0x0000000080000000, 0x0000000100000000)
  region size 1024K, 8 young (8192K), 8 survivors (8192K)
 Metaspace       used 131469K, capacity 134698K, committed 136140K, reserved 1167360K
  class space    used 16437K, capacity 17686K, committed 18124K, reserved 1048576K
}
Event: 5757.737 GC heap before
{Heap before GC invocations=101 (full 1):
 garbage-first heap   total 559104K, used 470476K [0x0000000080000000, 0x0000000100000000)
  region size 1024K, 143 young (146432K), 8 survivors (8192K)
 Metaspace       used 131480K, capacity 134705K, committed 136140K, reserved 1167360K
  class space    used 16440K, capacity 17689K, committed 18124K, reserved 1048576K
}
Event: 5757.758 GC heap after
{Heap after GC invocations=102 (full 1):
 garbage-first heap   total 559104K, used 334957K [0x0000000080000000, 0x0000000100000000)
  region size 1024K, 10 young (10240K), 10 survivors (10240K)
 Metaspace       used 131480K, capacity 134705K, committed 136140K, reserved 1167360K
  class space    used 16440K, capacity 17689K, committed 18124K, reserved 1048576K
}
Event: 5758.202 GC heap before
{Heap before GC invocations=102 (full 1):
 garbage-first heap   total 559104K, used 474221K [0x0000000080000000, 0x0000000100000000)
  region size 1024K, 146 young (149504K), 10 survivors (10240K)
 Metaspace       used 131480K, capacity 134705K, committed 136140K, reserved 1167360K
  class space    used 16440K, capacity 17689K, committed 18124K, reserved 1048576K
}
Event: 5758.225 GC heap after
{Heap after GC invocations=103 (full 1):
 garbage-first heap   total 559104K, used 336895K [0x0000000080000000, 0x0000000100000000)
  region size 1024K, 11 young (11264K), 11 survivors (11264K)
 Metaspace       used 131480K, capacity 134705K, committed 136140K, reserved 1167360K
  class space    used 16440K, capacity 17689K, committed 18124K, reserved 1048576K
}
Event: 5759.023 GC heap before
{Heap before GC invocations=103 (full 1):
 garbage-first heap   total 559104K, used 477183K [0x0000000080000000, 0x0000000100000000)
  region size 1024K, 148 young (151552K), 11 survivors (11264K)
 Metaspace       used 131482K, capacity 134705K, committed 136140K, reserved 1167360K
  class space    used 16440K, capacity 17689K, committed 18124K, reserved 1048576K
}
Event: 5759.049 GC heap after
{Heap after GC invocations=104 (full 1):
 garbage-first heap   total 559104K, used 341297K [0x0000000080000000, 0x0000000100000000)
  region size 1024K, 14 young (14336K), 14 survivors (14336K)
 Metaspace       used 131482K, capacity 134705K, committed 136140K, reserved 1167360K
  class space    used 16440K, capacity 17689K, committed 18124K, reserved 1048576K
}
Event: 5759.860 GC heap before
{Heap before GC invocations=104 (full 1):
 garbage-first heap   total 559104K, used 480561K [0x0000000080000000, 0x0000000100000000)
  region size 1024K, 150 young (153600K), 14 survivors (14336K)
 Metaspace       used 131483K, capacity 134705K, committed 136140K, reserved 1167360K
  class space    used 16440K, capacity 17689K, committed 18124K, reserved 1048576K
}
Event: 5759.883 GC heap after
{Heap after GC invocations=105 (full 1):
 garbage-first heap   total 559104K, used 341184K [0x0000000080000000, 0x0000000100000000)
  region size 1024K, 10 young (10240K), 10 survivors (10240K)
 Metaspace       used 131483K, capacity 134705K, committed 136140K, reserved 1167360K
  class space    used 16440K, capacity 17689K, committed 18124K, reserved 1048576K
}

