# JRE version: OpenJDK Runtime Environment (11.0.10) (build 11.0.10+0-b96-7249189)
# Java VM: OpenJDK 64-Bit Server VM (11.0.10+0-b96-7249189, mixed mode, tiered, compressed oops, g1 gc, windows-amd64)
Heap:
 garbage-first heap   total 342016K, used 183808K [0x0000000080000000, 0x0000000100000000)
  region size 1024K, 9 young (9216K), 9 survivors (9216K)
 Metaspace       used 115666K, capacity 118594K, committed 118764K, reserved 1153024K
  class space    used 15107K, capacity 16215K, committed 16228K, reserved 1048576K
GC Heap History (20 events):
Event: 8.800 GC heap after
{Heap after GC invocations=10 (full 0):
 garbage-first heap   total 236544K, used 46675K [0x0000000080000000, 0x0000000100000000)
  region size 1024K, 15 young (15360K), 15 survivors (15360K)
 Metaspace       used 47743K, capacity 49011K, committed 49100K, reserved 1091584K
  class space    used 6091K, capacity 6521K, committed 6604K, reserved 1048576K
}
Event: 10.315 GC heap before
{Heap before GC invocations=10 (full 0):
 garbage-first heap   total 236544K, used 122451K [0x0000000080000000, 0x0000000100000000)
  region size 1024K, 90 young (92160K), 15 survivors (15360K)
 Metaspace       used 58677K, capacity 60166K, committed 60236K, reserved 1101824K
  class space    used 7430K, capacity 7975K, committed 8012K, reserved 1048576K
}
Event: 10.354 GC heap after
{Heap after GC invocations=11 (full 0):
 garbage-first heap   total 236544K, used 51681K [0x0000000080000000, 0x0000000100000000)
  region size 1024K, 5 young (5120K), 5 survivors (5120K)
 Metaspace       used 58677K, capacity 60166K, committed 60236K, reserved 1101824K
  class space    used 7430K, capacity 7975K, committed 8012K, reserved 1048576K
}
Event: 12.089 GC heap before
{Heap before GC invocations=12 (full 0):
 garbage-first heap   total 236544K, used 159201K [0x0000000080000000, 0x0000000100000000)
  region size 1024K, 110 young (112640K), 5 survivors (5120K)
 Metaspace       used 66124K, capacity 67691K, committed 67916K, reserved 1107968K
  class space    used 8367K, capacity 8931K, committed 9036K, reserved 1048576K
}
Event: 12.115 GC heap after
{Heap after GC invocations=13 (full 0):
 garbage-first heap   total 236544K, used 58888K [0x0000000080000000, 0x0000000100000000)
  region size 1024K, 12 young (12288K), 12 survivors (12288K)
 Metaspace       used 66124K, capacity 67691K, committed 67916K, reserved 1107968K
  class space    used 8367K, capacity 8931K, committed 9036K, reserved 1048576K
}
Event: 14.252 GC heap before
{Heap before GC invocations=14 (full 0):
 garbage-first heap   total 236544K, used 166408K [0x0000000080000000, 0x0000000100000000)
  region size 1024K, 117 young (119808K), 12 survivors (12288K)
 Metaspace       used 78239K, capacity 80014K, committed 80332K, reserved 1118208K
  class space    used 10184K, capacity 10857K, committed 10956K, reserved 1048576K
}
Event: 14.282 GC heap after
{Heap after GC invocations=15 (full 0):
 garbage-first heap   total 236544K, used 65482K [0x0000000080000000, 0x0000000100000000)
  region size 1024K, 7 young (7168K), 7 survivors (7168K)
 Metaspace       used 78239K, capacity 80014K, committed 80332K, reserved 1118208K
  class space    used 10184K, capacity 10857K, committed 10956K, reserved 1048576K
}
Event: 16.617 GC heap before
{Heap before GC invocations=15 (full 0):
 garbage-first heap   total 236544K, used 173002K [0x0000000080000000, 0x0000000100000000)
  region size 1024K, 113 young (115712K), 7 survivors (7168K)
 Metaspace       used 82929K, capacity 85046K, committed 85324K, reserved 1122304K
  class space    used 10783K, capacity 11548K, committed 11596K, reserved 1048576K
}
Event: 16.656 GC heap after
{Heap after GC invocations=16 (full 0):
 garbage-first heap   total 284672K, used 72377K [0x0000000080000000, 0x0000000100000000)
  region size 1024K, 14 young (14336K), 14 survivors (14336K)
 Metaspace       used 82929K, capacity 85046K, committed 85324K, reserved 1122304K
  class space    used 10783K, capacity 11548K, committed 11596K, reserved 1048576K
}
Event: 20.045 GC heap before
{Heap before GC invocations=16 (full 0):
 garbage-first heap   total 284672K, used 205497K [0x0000000080000000, 0x0000000100000000)
  region size 1024K, 145 young (148480K), 14 survivors (14336K)
 Metaspace       used 87373K, capacity 89454K, committed 89804K, reserved 1126400K
  class space    used 11339K, capacity 12135K, committed 12236K, reserved 1048576K
}
Event: 20.084 GC heap after
{Heap after GC invocations=17 (full 0):
 garbage-first heap   total 284672K, used 78818K [0x0000000080000000, 0x0000000100000000)
  region size 1024K, 14 young (14336K), 14 survivors (14336K)
 Metaspace       used 87373K, capacity 89454K, committed 89804K, reserved 1126400K
  class space    used 11339K, capacity 12135K, committed 12236K, reserved 1048576K
}
Event: 42.953 GC heap before
{Heap before GC invocations=17 (full 0):
 garbage-first heap   total 284672K, used 215010K [0x0000000080000000, 0x0000000100000000)
  region size 1024K, 147 young (150528K), 14 survivors (14336K)
 Metaspace       used 96729K, capacity 99221K, committed 99532K, reserved 1134592K
  class space    used 12509K, capacity 13433K, committed 13516K, reserved 1048576K
}
Event: 42.990 GC heap after
{Heap after GC invocations=18 (full 0):
 garbage-first heap   total 284672K, used 89063K [0x0000000080000000, 0x0000000100000000)
  region size 1024K, 17 young (17408K), 17 survivors (17408K)
 Metaspace       used 96729K, capacity 99221K, committed 99532K, reserved 1134592K
  class space    used 12509K, capacity 13433K, committed 13516K, reserved 1048576K
}
Event: 45.823 GC heap before
{Heap before GC invocations=18 (full 0):
 garbage-first heap   total 284672K, used 226279K [0x0000000080000000, 0x0000000100000000)
  region size 1024K, 146 young (149504K), 17 survivors (17408K)
 Metaspace       used 104117K, capacity 106708K, committed 106828K, reserved 1142784K
  class space    used 13394K, capacity 14339K, committed 14412K, reserved 1048576K
}
Event: 45.859 GC heap after
{Heap after GC invocations=19 (full 0):
 garbage-first heap   total 284672K, used 97241K [0x0000000080000000, 0x0000000100000000)
  region size 1024K, 16 young (16384K), 16 survivors (16384K)
 Metaspace       used 104117K, capacity 106708K, committed 106828K, reserved 1142784K
  class space    used 13394K, capacity 14339K, committed 14412K, reserved 1048576K
}
Event: 47.161 GC heap before
{Heap before GC invocations=19 (full 0):
 garbage-first heap   total 284672K, used 224217K [0x0000000080000000, 0x0000000100000000)
  region size 1024K, 111 young (113664K), 16 survivors (16384K)
 Metaspace       used 111381K, capacity 114244K, committed 114260K, reserved 1148928K
  class space    used 14488K, capacity 15548K, committed 15564K, reserved 1048576K
}
Event: 47.254 GC heap after
{Heap after GC invocations=20 (full 0):
 garbage-first heap   total 284672K, used 142336K [0x0000000080000000, 0x0000000100000000)
  region size 1024K, 18 young (18432K), 18 survivors (18432K)
 Metaspace       used 111381K, capacity 114244K, committed 114260K, reserved 1148928K
  class space    used 14488K, capacity 15548K, committed 15564K, reserved 1048576K
}
Event: 48.789 GC heap before
{Heap before GC invocations=21 (full 0):
 garbage-first heap   total 284672K, used 225280K [0x0000000080000000, 0x0000000100000000)
  region size 1024K, 98 young (100352K), 18 survivors (18432K)
 Metaspace       used 114697K, capacity 117632K, committed 117996K, reserved 1150976K
  class space    used 15034K, capacity 16113K, committed 16228K, reserved 1048576K
}
Event: 48.886 GC heap after
{Heap after GC invocations=22 (full 0):
 garbage-first heap   total 284672K, used 164352K [0x0000000080000000, 0x0000000100000000)
  region size 1024K, 13 young (13312K), 13 survivors (13312K)
 Metaspace       used 114697K, capacity 117632K, committed 117996K, reserved 1150976K
  class space    used 15034K, capacity 16113K, committed 16228K, reserved 1048576K
}
Event: 50.076 GC heap before
{Heap before GC invocations=23 (full 0):
 garbage-first heap   total 284672K, used 223744K [0x0000000080000000, 0x0000000100000000)
  region size 1024K, 72 young (73728K), 13 survivors (13312K)
 Metaspace       used 115666K, capacity 118594K, committed 118764K, reserved 1153024K
  class space    used 15107K, capacity 16215K, committed 16228K, reserved 1048576K
}

