# JRE version: OpenJDK Runtime Environment (11.0.10) (build 11.0.10+0-b96-7249189)
# Java VM: OpenJDK 64-Bit Server VM (11.0.10+0-b96-7249189, mixed mode, tiered, compressed oops, g1 gc, windows-amd64)
Heap:
 garbage-first heap   total 284672K, used 122666K [0x0000000080000000, 0x0000000100000000)
  region size 1024K, 64 young (65536K), 13 survivors (13312K)
 Metaspace       used 84613K, capacity 86728K, committed 86860K, reserved 1124352K
  class space    used 10945K, capacity 11743K, committed 11852K, reserved 1048576K
GC Heap History (20 events):
Event: 1.766 GC heap before
{Heap before GC invocations=2 (full 0):
 garbage-first heap   total 196608K, used 39961K [0x0000000080000000, 0x0000000100000000)
  region size 1024K, 32 young (32768K), 2 survivors (2048K)
 Metaspace       used 11169K, capacity 11502K, committed 11776K, reserved 1060864K
  class space    used 1166K, capacity 1243K, committed 1280K, reserved 1048576K
}
Event: 1.770 GC heap after
{Heap after GC invocations=3 (full 0):
 garbage-first heap   total 196608K, used 11641K [0x0000000080000000, 0x0000000100000000)
  region size 1024K, 4 young (4096K), 4 survivors (4096K)
 Metaspace       used 11169K, capacity 11502K, committed 11776K, reserved 1060864K
  class space    used 1166K, capacity 1243K, committed 1280K, reserved 1048576K
}
Event: 3.454 GC heap before
{Heap before GC invocations=3 (full 0):
 garbage-first heap   total 196608K, used 74105K [0x0000000080000000, 0x0000000100000000)
  region size 1024K, 66 young (67584K), 4 survivors (4096K)
 Metaspace       used 20533K, capacity 21088K, committed 21248K, reserved 1067008K
  class space    used 2507K, capacity 2690K, committed 2816K, reserved 1048576K
}
Event: 3.465 GC heap after
{Heap after GC invocations=4 (full 0):
 garbage-first heap   total 196608K, used 16471K [0x0000000080000000, 0x0000000100000000)
  region size 1024K, 9 young (9216K), 9 survivors (9216K)
 Metaspace       used 20533K, capacity 21088K, committed 21248K, reserved 1067008K
  class space    used 2507K, capacity 2690K, committed 2816K, reserved 1048576K
}
Event: 4.695 GC heap before
{Heap before GC invocations=5 (full 0):
 garbage-first heap   total 196608K, used 90199K [0x0000000080000000, 0x0000000100000000)
  region size 1024K, 81 young (82944K), 9 survivors (9216K)
 Metaspace       used 27736K, capacity 28431K, committed 28544K, reserved 1073152K
  class space    used 3679K, capacity 3930K, committed 3968K, reserved 1048576K
}
Event: 4.708 GC heap after
{Heap after GC invocations=6 (full 0):
 garbage-first heap   total 196608K, used 19413K [0x0000000080000000, 0x0000000100000000)
  region size 1024K, 8 young (8192K), 8 survivors (8192K)
 Metaspace       used 27736K, capacity 28431K, committed 28544K, reserved 1073152K
  class space    used 3679K, capacity 3930K, committed 3968K, reserved 1048576K
}
Event: 5.652 GC heap before
{Heap before GC invocations=6 (full 0):
 garbage-first heap   total 196608K, used 57301K [0x0000000080000000, 0x0000000100000000)
  region size 1024K, 46 young (47104K), 8 survivors (8192K)
 Metaspace       used 35032K, capacity 35822K, committed 35840K, reserved 1081344K
  class space    used 4541K, capacity 4864K, committed 4864K, reserved 1048576K
}
Event: 5.668 GC heap after
{Heap after GC invocations=7 (full 0):
 garbage-first heap   total 196608K, used 22637K [0x0000000080000000, 0x0000000100000000)
  region size 1024K, 11 young (11264K), 11 survivors (11264K)
 Metaspace       used 35032K, capacity 35822K, committed 35840K, reserved 1081344K
  class space    used 4541K, capacity 4864K, committed 4864K, reserved 1048576K
}
Event: 7.440 GC heap before
{Heap before GC invocations=8 (full 0):
 garbage-first heap   total 196608K, used 132205K [0x0000000080000000, 0x0000000100000000)
  region size 1024K, 115 young (117760K), 11 survivors (11264K)
 Metaspace       used 43251K, capacity 44301K, committed 44620K, reserved 1087488K
  class space    used 5514K, capacity 5887K, committed 5964K, reserved 1048576K
}
Event: 7.465 GC heap after
{Heap after GC invocations=9 (full 0):
 garbage-first heap   total 196608K, used 28588K [0x0000000080000000, 0x0000000100000000)
  region size 1024K, 12 young (12288K), 12 survivors (12288K)
 Metaspace       used 43251K, capacity 44301K, committed 44620K, reserved 1087488K
  class space    used 5514K, capacity 5887K, committed 5964K, reserved 1048576K
}
Event: 9.321 GC heap before
{Heap before GC invocations=9 (full 0):
 garbage-first heap   total 196608K, used 141228K [0x0000000080000000, 0x0000000100000000)
  region size 1024K, 115 young (117760K), 12 survivors (12288K)
 Metaspace       used 49456K, capacity 50751K, committed 50892K, reserved 1093632K
  class space    used 6314K, capacity 6780K, committed 6860K, reserved 1048576K
}
Event: 9.356 GC heap after
{Heap after GC invocations=10 (full 0):
 garbage-first heap   total 236544K, used 48466K [0x0000000080000000, 0x0000000100000000)
  region size 1024K, 15 young (15360K), 15 survivors (15360K)
 Metaspace       used 49456K, capacity 50751K, committed 50892K, reserved 1093632K
  class space    used 6314K, capacity 6780K, committed 6860K, reserved 1048576K
}
Event: 10.703 GC heap before
{Heap before GC invocations=10 (full 0):
 garbage-first heap   total 236544K, used 108882K [0x0000000080000000, 0x0000000100000000)
  region size 1024K, 75 young (76800K), 15 survivors (15360K)
 Metaspace       used 58712K, capacity 60204K, committed 60236K, reserved 1101824K
  class space    used 7438K, capacity 7986K, committed 8012K, reserved 1048576K
}
Event: 10.736 GC heap after
{Heap after GC invocations=11 (full 0):
 garbage-first heap   total 236544K, used 53225K [0x0000000080000000, 0x0000000100000000)
  region size 1024K, 4 young (4096K), 4 survivors (4096K)
 Metaspace       used 58712K, capacity 60204K, committed 60236K, reserved 1101824K
  class space    used 7438K, capacity 7986K, committed 8012K, reserved 1048576K
}
Event: 12.436 GC heap before
{Heap before GC invocations=12 (full 0):
 garbage-first heap   total 236544K, used 151529K [0x0000000080000000, 0x0000000100000000)
  region size 1024K, 100 young (102400K), 4 survivors (4096K)
 Metaspace       used 65893K, capacity 67527K, committed 67660K, reserved 1107968K
  class space    used 8355K, capacity 8939K, committed 9036K, reserved 1048576K
}
Event: 12.461 GC heap after
{Heap after GC invocations=13 (full 0):
 garbage-first heap   total 236544K, used 59899K [0x0000000080000000, 0x0000000100000000)
  region size 1024K, 11 young (11264K), 11 survivors (11264K)
 Metaspace       used 65893K, capacity 67527K, committed 67660K, reserved 1107968K
  class space    used 8355K, capacity 8939K, committed 9036K, reserved 1048576K
}
Event: 14.619 GC heap before
{Heap before GC invocations=14 (full 0):
 garbage-first heap   total 236544K, used 159227K [0x0000000080000000, 0x0000000100000000)
  region size 1024K, 108 young (110592K), 11 survivors (11264K)
 Metaspace       used 77047K, capacity 78771K, committed 79052K, reserved 1118208K
  class space    used 10000K, capacity 10641K, committed 10700K, reserved 1048576K
}
Event: 14.647 GC heap after
{Heap after GC invocations=15 (full 0):
 garbage-first heap   total 236544K, used 65784K [0x0000000080000000, 0x0000000100000000)
  region size 1024K, 7 young (7168K), 7 survivors (7168K)
 Metaspace       used 77047K, capacity 78771K, committed 79052K, reserved 1118208K
  class space    used 10000K, capacity 10641K, committed 10700K, reserved 1048576K
}
Event: 16.741 GC heap before
{Heap before GC invocations=15 (full 0):
 garbage-first heap   total 236544K, used 165112K [0x0000000080000000, 0x0000000100000000)
  region size 1024K, 105 young (107520K), 7 survivors (7168K)
 Metaspace       used 82549K, capacity 84582K, committed 84812K, reserved 1122304K
  class space    used 10766K, capacity 11535K, committed 11596K, reserved 1048576K
}
Event: 16.768 GC heap after
{Heap after GC invocations=16 (full 0):
 garbage-first heap   total 284672K, used 72490K [0x0000000080000000, 0x0000000100000000)
  region size 1024K, 13 young (13312K), 13 survivors (13312K)
 Metaspace       used 82549K, capacity 84582K, committed 84812K, reserved 1122304K
  class space    used 10766K, capacity 11535K, committed 11596K, reserved 1048576K
}

