# JRE version: OpenJDK Runtime Environment (11.0.10) (build 11.0.10+0-b96-7249189)
# Java VM: OpenJDK 64-Bit Server VM (11.0.10+0-b96-7249189, mixed mode, tiered, compressed oops, g1 gc, windows-amd64)
Heap:
 garbage-first heap   total 236544K, used 171633K [0x0000000080000000, 0x0000000100000000)
  region size 1024K, 106 young (108544K), 15 survivors (15360K)
 Metaspace       used 91317K, capacity 93516K, committed 93784K, reserved 1130496K
  class space    used 11770K, capacity 12596K, committed 12672K, reserved 1048576K
GC Heap History (20 events):
Event: 3.572 GC heap before
{Heap before GC invocations=3 (full 0):
 garbage-first heap   total 196608K, used 75549K [0x0000000080000000, 0x0000000100000000)
  region size 1024K, 67 young (68608K), 3 survivors (3072K)
 Metaspace       used 20553K, capacity 21092K, committed 21248K, reserved 1067008K
  class space    used 2504K, capacity 2690K, committed 2816K, reserved 1048576K
}
Event: 3.584 GC heap after
{Heap after GC invocations=4 (full 0):
 garbage-first heap   total 196608K, used 16693K [0x0000000080000000, 0x0000000100000000)
  region size 1024K, 9 young (9216K), 9 survivors (9216K)
 Metaspace       used 20553K, capacity 21092K, committed 21248K, reserved 1067008K
  class space    used 2504K, capacity 2690K, committed 2816K, reserved 1048576K
}
Event: 4.852 GC heap before
{Heap before GC invocations=5 (full 0):
 garbage-first heap   total 196608K, used 93493K [0x0000000080000000, 0x0000000100000000)
  region size 1024K, 84 young (86016K), 9 survivors (9216K)
 Metaspace       used 27869K, capacity 28568K, committed 28800K, reserved 1075200K
  class space    used 3693K, capacity 3932K, committed 3968K, reserved 1048576K
}
Event: 4.867 GC heap after
{Heap after GC invocations=6 (full 0):
 garbage-first heap   total 196608K, used 19053K [0x0000000080000000, 0x0000000100000000)
  region size 1024K, 8 young (8192K), 8 survivors (8192K)
 Metaspace       used 27869K, capacity 28568K, committed 28800K, reserved 1075200K
  class space    used 3693K, capacity 3932K, committed 3968K, reserved 1048576K
}
Event: 5.724 GC heap before
{Heap before GC invocations=6 (full 0):
 garbage-first heap   total 196608K, used 53869K [0x0000000080000000, 0x0000000100000000)
  region size 1024K, 44 young (45056K), 8 survivors (8192K)
 Metaspace       used 35032K, capacity 35793K, committed 35840K, reserved 1081344K
  class space    used 4539K, capacity 4832K, committed 4864K, reserved 1048576K
}
Event: 5.739 GC heap after
{Heap after GC invocations=7 (full 0):
 garbage-first heap   total 196608K, used 21981K [0x0000000080000000, 0x0000000100000000)
  region size 1024K, 6 young (6144K), 6 survivors (6144K)
 Metaspace       used 35032K, capacity 35793K, committed 35840K, reserved 1081344K
  class space    used 4539K, capacity 4832K, committed 4864K, reserved 1048576K
}
Event: 7.387 GC heap before
{Heap before GC invocations=8 (full 0):
 garbage-first heap   total 196608K, used 114141K [0x0000000080000000, 0x0000000100000000)
  region size 1024K, 93 young (95232K), 6 survivors (6144K)
 Metaspace       used 42746K, capacity 43764K, committed 44032K, reserved 1087488K
  class space    used 5435K, capacity 5795K, committed 5888K, reserved 1048576K
}
Event: 7.415 GC heap after
{Heap after GC invocations=9 (full 0):
 garbage-first heap   total 196608K, used 27925K [0x0000000080000000, 0x0000000100000000)
  region size 1024K, 12 young (12288K), 12 survivors (12288K)
 Metaspace       used 42746K, capacity 43764K, committed 44032K, reserved 1087488K
  class space    used 5435K, capacity 5795K, committed 5888K, reserved 1048576K
}
Event: 9.128 GC heap before
{Heap before GC invocations=10 (full 0):
 garbage-first heap   total 196608K, used 122133K [0x0000000080000000, 0x0000000100000000)
  region size 1024K, 105 young (107520K), 12 survivors (12288K)
 Metaspace       used 50979K, capacity 52185K, committed 52352K, reserved 1095680K
  class space    used 6588K, capacity 7002K, committed 7040K, reserved 1048576K
}
Event: 9.156 GC heap after
{Heap after GC invocations=11 (full 0):
 garbage-first heap   total 236544K, used 31612K [0x0000000080000000, 0x0000000100000000)
  region size 1024K, 10 young (10240K), 10 survivors (10240K)
 Metaspace       used 50979K, capacity 52185K, committed 52352K, reserved 1095680K
  class space    used 6588K, capacity 7002K, committed 7040K, reserved 1048576K
}
Event: 12.272 GC heap before
{Heap before GC invocations=11 (full 0):
 garbage-first heap   total 236544K, used 169852K [0x0000000080000000, 0x0000000100000000)
  region size 1024K, 138 young (141312K), 10 survivors (10240K)
 Metaspace       used 61580K, capacity 63047K, committed 63232K, reserved 1103872K
  class space    used 7834K, capacity 8355K, committed 8448K, reserved 1048576K
}
Event: 12.302 GC heap after
{Heap after GC invocations=12 (full 0):
 garbage-first heap   total 236544K, used 53248K [0x0000000080000000, 0x0000000100000000)
  region size 1024K, 18 young (18432K), 18 survivors (18432K)
 Metaspace       used 61580K, capacity 63047K, committed 63232K, reserved 1103872K
  class space    used 7834K, capacity 8355K, committed 8448K, reserved 1048576K
}
Event: 14.485 GC heap before
{Heap before GC invocations=12 (full 0):
 garbage-first heap   total 236544K, used 166912K [0x0000000080000000, 0x0000000100000000)
  region size 1024K, 129 young (132096K), 18 survivors (18432K)
 Metaspace       used 71730K, capacity 73491K, committed 73816K, reserved 1114112K
  class space    used 9127K, capacity 9731K, committed 9856K, reserved 1048576K
}
Event: 14.523 GC heap after
{Heap after GC invocations=13 (full 0):
 garbage-first heap   total 236544K, used 62421K [0x0000000080000000, 0x0000000100000000)
  region size 1024K, 10 young (10240K), 10 survivors (10240K)
 Metaspace       used 71730K, capacity 73491K, committed 73816K, reserved 1114112K
  class space    used 9127K, capacity 9731K, committed 9856K, reserved 1048576K
}
Event: 14.644 GC heap before
{Heap before GC invocations=13 (full 0):
 garbage-first heap   total 236544K, used 74709K [0x0000000080000000, 0x0000000100000000)
  region size 1024K, 23 young (23552K), 10 survivors (10240K)
 Metaspace       used 71942K, capacity 73657K, committed 73816K, reserved 1114112K
  class space    used 9139K, capacity 9764K, committed 9856K, reserved 1048576K
}
Event: 14.665 GC heap after
{Heap after GC invocations=14 (full 0):
 garbage-first heap   total 236544K, used 64000K [0x0000000080000000, 0x0000000100000000)
  region size 1024K, 2 young (2048K), 2 survivors (2048K)
 Metaspace       used 71942K, capacity 73657K, committed 73816K, reserved 1114112K
  class space    used 9139K, capacity 9764K, committed 9856K, reserved 1048576K
}
Event: 17.403 GC heap before
{Heap before GC invocations=15 (full 0):
 garbage-first heap   total 236544K, used 179712K [0x0000000080000000, 0x0000000100000000)
  region size 1024K, 115 young (117760K), 2 survivors (2048K)
 Metaspace       used 84625K, capacity 86480K, committed 86744K, reserved 1124352K
  class space    used 11007K, capacity 11705K, committed 11776K, reserved 1048576K
}
Event: 17.423 GC heap after
{Heap after GC invocations=16 (full 0):
 garbage-first heap   total 236544K, used 69779K [0x0000000080000000, 0x0000000100000000)
  region size 1024K, 8 young (8192K), 8 survivors (8192K)
 Metaspace       used 84625K, capacity 86480K, committed 86744K, reserved 1124352K
  class space    used 11007K, capacity 11705K, committed 11776K, reserved 1048576K
}
Event: 20.495 GC heap before
{Heap before GC invocations=17 (full 0):
 garbage-first heap   total 236544K, used 182419K [0x0000000080000000, 0x0000000100000000)
  region size 1024K, 119 young (121856K), 8 survivors (8192K)
 Metaspace       used 89671K, capacity 91905K, committed 92120K, reserved 1128448K
  class space    used 11641K, capacity 12478K, committed 12544K, reserved 1048576K
}
Event: 20.526 GC heap after
{Heap after GC invocations=18 (full 0):
 garbage-first heap   total 236544K, used 77425K [0x0000000080000000, 0x0000000100000000)
  region size 1024K, 15 young (15360K), 15 survivors (15360K)
 Metaspace       used 89671K, capacity 91905K, committed 92120K, reserved 1128448K
  class space    used 11641K, capacity 12478K, committed 12544K, reserved 1048576K
}

