# JRE version: OpenJDK Runtime Environment (11.0.10) (build 11.0.10+0-b96-7249189)
# Java VM: OpenJDK 64-Bit Server VM (11.0.10+0-b96-7249189, mixed mode, tiered, compressed oops, g1 gc, windows-amd64)
Heap:
 garbage-first heap   total 591872K, used 288024K [0x0000000080000000, 0x0000000100000000)
  region size 1024K, 2 young (2048K), 2 survivors (2048K)
 Metaspace       used 132296K, capacity 135998K, committed 136172K, reserved 1167360K
  class space    used 16942K, capacity 18283K, committed 18304K, reserved 1048576K
GC Heap History (20 events):
Event: 632.748 GC heap after
{Heap after GC invocations=38 (full 0):
 garbage-first heap   total 291840K, used 238592K [0x0000000080000000, 0x0000000100000000)
  region size 1024K, 3 young (3072K), 3 survivors (3072K)
 Metaspace       used 129232K, capacity 132802K, committed 133100K, reserved 1165312K
  class space    used 16602K, capacity 17919K, committed 18048K, reserved 1048576K
}
Event: 633.185 GC heap before
{Heap before GC invocations=38 (full 0):
 garbage-first heap   total 291840K, used 248832K [0x0000000080000000, 0x0000000100000000)
  region size 1024K, 14 young (14336K), 3 survivors (3072K)
 Metaspace       used 129391K, capacity 132932K, committed 133356K, reserved 1165312K
  class space    used 16607K, capacity 17913K, committed 18048K, reserved 1048576K
}
Event: 633.206 GC heap after
{Heap after GC invocations=39 (full 0):
 garbage-first heap   total 291840K, used 242563K [0x0000000080000000, 0x0000000100000000)
  region size 1024K, 2 young (2048K), 2 survivors (2048K)
 Metaspace       used 129391K, capacity 132932K, committed 133356K, reserved 1165312K
  class space    used 16607K, capacity 17913K, committed 18048K, reserved 1048576K
}
Event: 633.501 GC heap before
{Heap before GC invocations=40 (full 0):
 garbage-first heap   total 291840K, used 253827K [0x0000000080000000, 0x0000000100000000)
  region size 1024K, 14 young (14336K), 2 survivors (2048K)
 Metaspace       used 129641K, capacity 133246K, committed 133356K, reserved 1165312K
  class space    used 16661K, capacity 17995K, committed 18048K, reserved 1048576K
}
Event: 633.524 GC heap after
{Heap after GC invocations=41 (full 0):
 garbage-first heap   total 350208K, used 245082K [0x0000000080000000, 0x0000000100000000)
  region size 1024K, 2 young (2048K), 2 survivors (2048K)
 Metaspace       used 129641K, capacity 133246K, committed 133356K, reserved 1165312K
  class space    used 16661K, capacity 17995K, committed 18048K, reserved 1048576K
}
Event: 633.732 GC heap before
{Heap before GC invocations=41 (full 0):
 garbage-first heap   total 350208K, used 260442K [0x0000000080000000, 0x0000000100000000)
  region size 1024K, 17 young (17408K), 2 survivors (2048K)
 Metaspace       used 129682K, capacity 133326K, committed 133612K, reserved 1165312K
  class space    used 16664K, capacity 17999K, committed 18048K, reserved 1048576K
}
Event: 633.744 GC heap after
{Heap after GC invocations=42 (full 0):
 garbage-first heap   total 350208K, used 246728K [0x0000000080000000, 0x0000000100000000)
  region size 1024K, 2 young (2048K), 2 survivors (2048K)
 Metaspace       used 129682K, capacity 133326K, committed 133612K, reserved 1165312K
  class space    used 16664K, capacity 17999K, committed 18048K, reserved 1048576K
}
Event: 634.163 GC heap before
{Heap before GC invocations=42 (full 0):
 garbage-first heap   total 350208K, used 276424K [0x0000000080000000, 0x0000000100000000)
  region size 1024K, 32 young (32768K), 2 survivors (2048K)
 Metaspace       used 129825K, capacity 133423K, committed 133612K, reserved 1165312K
  class space    used 16667K, capacity 18003K, committed 18048K, reserved 1048576K
}
Event: 634.180 GC heap after
{Heap after GC invocations=43 (full 0):
 garbage-first heap   total 350208K, used 249658K [0x0000000080000000, 0x0000000100000000)
  region size 1024K, 4 young (4096K), 4 survivors (4096K)
 Metaspace       used 129825K, capacity 133423K, committed 133612K, reserved 1165312K
  class space    used 16667K, capacity 18003K, committed 18048K, reserved 1048576K
}
Event: 635.347 GC heap before
{Heap before GC invocations=43 (full 0):
 garbage-first heap   total 350208K, used 275258K [0x0000000080000000, 0x0000000100000000)
  region size 1024K, 35 young (35840K), 4 survivors (4096K)
 Metaspace       used 129841K, capacity 133424K, committed 133612K, reserved 1165312K
  class space    used 16667K, capacity 18003K, committed 18048K, reserved 1048576K
}
Event: 635.376 GC heap after
{Heap after GC invocations=44 (full 0):
 garbage-first heap   total 350208K, used 245861K [0x0000000080000000, 0x0000000100000000)
  region size 1024K, 5 young (5120K), 5 survivors (5120K)
 Metaspace       used 129841K, capacity 133424K, committed 133612K, reserved 1165312K
  class space    used 16667K, capacity 18003K, committed 18048K, reserved 1048576K
}
Event: 635.951 GC heap before
{Heap before GC invocations=45 (full 0):
 garbage-first heap   total 350208K, used 286821K [0x0000000080000000, 0x0000000100000000)
  region size 1024K, 39 young (39936K), 5 survivors (5120K)
 Metaspace       used 130406K, capacity 134076K, committed 134252K, reserved 1165312K
  class space    used 16720K, capacity 18068K, committed 18176K, reserved 1048576K
}
Event: 635.989 GC heap after
{Heap after GC invocations=46 (full 0):
 garbage-first heap   total 441344K, used 258292K [0x0000000080000000, 0x0000000100000000)
  region size 1024K, 5 young (5120K), 5 survivors (5120K)
 Metaspace       used 130406K, capacity 134076K, committed 134252K, reserved 1165312K
  class space    used 16720K, capacity 18068K, committed 18176K, reserved 1048576K
}
Event: 636.104 GC heap before
{Heap before GC invocations=46 (full 0):
 garbage-first heap   total 441344K, used 274676K [0x0000000080000000, 0x0000000100000000)
  region size 1024K, 21 young (21504K), 5 survivors (5120K)
 Metaspace       used 130444K, capacity 134076K, committed 134252K, reserved 1165312K
  class space    used 16729K, capacity 18068K, committed 18176K, reserved 1048576K
}
Event: 636.139 GC heap after
{Heap after GC invocations=47 (full 0):
 garbage-first heap   total 441344K, used 249140K [0x0000000080000000, 0x0000000100000000)
  region size 1024K, 3 young (3072K), 3 survivors (3072K)
 Metaspace       used 130444K, capacity 134076K, committed 134252K, reserved 1165312K
  class space    used 16729K, capacity 18068K, committed 18176K, reserved 1048576K
}
Event: 636.911 GC heap before
{Heap before GC invocations=47 (full 0):
 garbage-first heap   total 441344K, used 322868K [0x0000000080000000, 0x0000000100000000)
  region size 1024K, 72 young (73728K), 3 survivors (3072K)
 Metaspace       used 131187K, capacity 134935K, committed 135148K, reserved 1167360K
  class space    used 16813K, capacity 18183K, committed 18304K, reserved 1048576K
}
Event: 636.930 GC heap after
{Heap after GC invocations=48 (full 0):
 garbage-first heap   total 441344K, used 257303K [0x0000000080000000, 0x0000000100000000)
  region size 1024K, 7 young (7168K), 7 survivors (7168K)
 Metaspace       used 131187K, capacity 134935K, committed 135148K, reserved 1167360K
  class space    used 16813K, capacity 18183K, committed 18304K, reserved 1048576K
}
Event: 637.451 GC heap before
{Heap before GC invocations=48 (full 0):
 garbage-first heap   total 441344K, used 338199K [0x0000000080000000, 0x0000000100000000)
  region size 1024K, 79 young (80896K), 7 survivors (7168K)
 Metaspace       used 132049K, capacity 135765K, committed 135916K, reserved 1167360K
  class space    used 16935K, capacity 18283K, committed 18304K, reserved 1048576K
}
Event: 637.477 GC heap after
{Heap after GC invocations=49 (full 0):
 garbage-first heap   total 441344K, used 275036K [0x0000000080000000, 0x0000000100000000)
  region size 1024K, 10 young (10240K), 10 survivors (10240K)
 Metaspace       used 132049K, capacity 135765K, committed 135916K, reserved 1167360K
  class space    used 16935K, capacity 18283K, committed 18304K, reserved 1048576K
}
Event: 638.599 GC heap before
{Heap before GC invocations=49 (full 0):
 garbage-first heap   total 441344K, used 341596K [0x0000000080000000, 0x0000000100000000)
  region size 1024K, 65 young (66560K), 10 survivors (10240K)
 Metaspace       used 132296K, capacity 135998K, committed 136172K, reserved 1167360K
  class space    used 16942K, capacity 18283K, committed 18304K, reserved 1048576K
}

